
bin/startup.bin:     file format binary


Disassembly of section .data:

00000000 <.data>:
   0:	e10f0000 	mrs	r0, CPSR
   4:	e3c0001f 	bic	r0, r0, #31
   8:	e3800013 	orr	r0, r0, #19
   c:	e38000c0 	orr	r0, r0, #192	; 0xc0
  10:	e129f000 	msr	CPSR_fc, r0
  14:	eb00001c 	bl	0x8c
  18:	eb000023 	bl	0xac
  1c:	e3a04000 	mov	r4, #0
  20:	eb000005 	bl	0x3c
  24:	eb000013 	bl	0x78
  28:	e2844001 	add	r4, r4, #1
  2c:	e3540010 	cmp	r4, #16
  30:	1afffffa 	bne	0x20
  34:	e3a04000 	mov	r4, #0
  38:	eafffff8 	b	0x20
  3c:	e59f00a0 	ldr	r0, [pc, #160]	; 0xe4
  40:	e3a0161e 	mov	r1, #31457280	; 0x1e00000
  44:	e5801000 	str	r1, [r0]
  48:	e59f0098 	ldr	r0, [pc, #152]	; 0xe8
  4c:	e3a01000 	mov	r1, #0
  50:	e3140001 	tst	r4, #1
  54:	13811602 	orrne	r1, r1, #2097152	; 0x200000
  58:	e3140002 	tst	r4, #2
  5c:	13811501 	orrne	r1, r1, #4194304	; 0x400000
  60:	e3140004 	tst	r4, #4
  64:	13811502 	orrne	r1, r1, #8388608	; 0x800000
  68:	e3140008 	tst	r4, #8
  6c:	13811401 	orrne	r1, r1, #16777216	; 0x1000000
  70:	e5801000 	str	r1, [r0]
  74:	e12fff1e 	bx	lr
  78:	e3a0140a 	mov	r1, #167772160	; 0xa000000
  7c:	e2411001 	sub	r1, r1, #1
  80:	e3510000 	cmp	r1, #0
  84:	1afffffc 	bne	0x7c
  88:	e12fff1e 	bx	lr
  8c:	e59f0058 	ldr	r0, [pc, #88]	; 0xec
  90:	e59f1058 	ldr	r1, [pc, #88]	; 0xf0
  94:	e5801000 	str	r1, [r0]
  98:	e59f0054 	ldr	r0, [pc, #84]	; 0xf4
  9c:	e5901000 	ldr	r1, [r0]
  a0:	e3c1161e 	bic	r1, r1, #31457280	; 0x1e00000
  a4:	e5801000 	str	r1, [r0]
  a8:	e12fff1e 	bx	lr
  ac:	e92d4003 	push	{r0, r1, lr}
  b0:	e59f0040 	ldr	r0, [pc, #64]	; 0xf8
  b4:	e59f1040 	ldr	r1, [pc, #64]	; 0xfc
  b8:	e5801048 	str	r1, [r0, #72]	; 0x48
  bc:	eb000003 	bl	0xd0
  c0:	e59f1038 	ldr	r1, [pc, #56]	; 0x100
  c4:	e5801048 	str	r1, [r0, #72]	; 0x48
  c8:	eb000000 	bl	0xd0
  cc:	e8bd8003 	pop	{r0, r1, pc}
  d0:	e5902034 	ldr	r2, [r0, #52]	; 0x34
  d4:	e2022010 	and	r2, r2, #16
  d8:	e3520000 	cmp	r2, #0
  dc:	1afffffb 	bne	0xd0
  e0:	e12fff1e 	bx	lr
  e4:	4804c190 	stmdami	r4, {r4, r7, r8, lr, pc}
  e8:	4804c194 	stmdami	r4, {r2, r4, r7, r8, lr, pc}
  ec:	44e000ac 	strbtmi	r0, [r0], #172	; 0xac
  f0:	00040002 	andeq	r0, r4, r2
  f4:	4804c134 	stmdami	r4, {r2, r4, r5, r8, lr, pc}
  f8:	44e35000 	strbtmi	r5, [r3], #0
  fc:	0000aaaa 	andeq	sl, r0, sl, lsr #21
 100:	00005555 	andeq	r5, r0, r5, asr r5
